<?xml version="1.0" encoding="UTF-8"?>
<testng-results ignored="0" total="2" passed="2" failed="0" skipped="0">
  <reporter-output>
  </reporter-output>
  <suite started-at="2023-08-06T13:17:34 IST" name="Default suite" finished-at="2023-08-06T13:17:54 IST" duration-ms="19351">
    <groups>
      <group name="cucumber">
        <method signature="AbstractTestNGCucumberTests.runScenario(io.cucumber.testng.PickleWrapper,io.cucumber.testng.FeatureWrapper)[pri:0, instance:testNG_Parallel.ParallelRunner@14028087]" name="runScenario" class="io.cucumber.testng.AbstractTestNGCucumberTests"/>
      </group> <!-- cucumber -->
    </groups>
    <test started-at="2023-08-06T13:17:34 IST" name="Default test" finished-at="2023-08-06T13:17:54 IST" duration-ms="19351">
      <class name="testNG_Parallel.ParallelRunner">
        <test-method is-config="true" signature="setUpClass(org.testng.ITestContext)[pri:0, instance:testNG_Parallel.ParallelRunner@14028087]" started-at="2023-08-06T13:17:34 IST" name="setUpClass" finished-at="2023-08-06T13:17:35 IST" duration-ms="289" status="PASS">
          <params>
            <param index="0">
              <value>
                <![CDATA[org.testng.TestRunner@5c00384f]]>
              </value>
            </param>
          </params>
          <reporter-output>
          </reporter-output>
        </test-method> <!-- setUpClass -->
        <test-method signature="runScenario(io.cucumber.testng.PickleWrapper,io.cucumber.testng.FeatureWrapper)[pri:0, instance:testNG_Parallel.ParallelRunner@14028087]" started-at="2023-08-06T13:17:35 IST" name="runScenario" description="Runs Cucumber Scenarios" data-provider="scenarios" finished-at="2023-08-06T13:17:54 IST" duration-ms="18982" status="PASS">
          <params>
            <param index="0">
              <value>
                <![CDATA["Login With Valid Credentials"]]>
              </value>
            </param>
            <param index="1">
              <value>
                <![CDATA["FbLogin"]]>
              </value>
            </param>
          </params>
          <reporter-output>
          </reporter-output>
        </test-method> <!-- runScenario -->
        <test-method signature="runScenario(io.cucumber.testng.PickleWrapper,io.cucumber.testng.FeatureWrapper)[pri:0, instance:testNG_Parallel.ParallelRunner@14028087]" started-at="2023-08-06T13:17:35 IST" name="runScenario" description="Runs Cucumber Scenarios" data-provider="scenarios" finished-at="2023-08-06T13:17:46 IST" duration-ms="10992" status="PASS">
          <params>
            <param index="0">
              <value>
                <![CDATA["Login With Valid Credentials"]]>
              </value>
            </param>
            <param index="1">
              <value>
                <![CDATA["FbLogin"]]>
              </value>
            </param>
          </params>
          <reporter-output>
          </reporter-output>
        </test-method> <!-- runScenario -->
        <test-method is-config="true" signature="tearDownClass()[pri:0, instance:testNG_Parallel.ParallelRunner@14028087]" started-at="2023-08-06T13:17:54 IST" name="tearDownClass" finished-at="2023-08-06T13:17:54 IST" duration-ms="15" status="PASS">
          <reporter-output>
          </reporter-output>
        </test-method> <!-- tearDownClass -->
      </class> <!-- testNG_Parallel.ParallelRunner -->
    </test> <!-- Default test -->
  </suite> <!-- Default suite -->
</testng-results>
